# JRE version: OpenJDK Runtime Environment (8.0_242-b01) (build 1.8.0_242-release-1644-b01)
# Java VM: OpenJDK 64-Bit Server VM (25.242-b01 mixed mode windows-amd64 compressed oops)
Heap:
 PSYoungGen      total 206848K, used 131343K [0x00000000d5580000, 0x00000000e4c00000, 0x0000000100000000)
  eden space 189440K, 60% used [0x00000000d5580000,0x00000000dc4c46e0,0x00000000e0e80000)
  from space 17408K, 99% used [0x00000000e0e80000,0x00000000e1f7f6a8,0x00000000e1f80000)
  to   space 19968K, 0% used [0x00000000e3880000,0x00000000e3880000,0x00000000e4c00000)
 ParOldGen       total 124928K, used 33763K [0x0000000080000000, 0x0000000087a00000, 0x00000000d5580000)
  object space 124928K, 27% used [0x0000000080000000,0x00000000820f8cb8,0x0000000087a00000)
 Metaspace       used 70345K, capacity 73752K, committed 74008K, reserved 1114112K
  class space    used 9599K, capacity 10217K, committed 10288K, reserved 1048576K
GC Heap History (10 events):
Event: 9.878 GC heap before
{Heap before GC invocations=14 (full 2):
 PSYoungGen      total 130560K, used 127813K [0x00000000d5580000, 0x00000000e0480000, 0x0000000100000000)
  eden space 119296K, 100% used [0x00000000d5580000,0x00000000dca00000,0x00000000dca00000)
  from space 11264K, 75% used [0x00000000dca00000,0x00000000dd251418,0x00000000dd500000)
  to   space 11776K, 0% used [0x00000000df900000,0x00000000df900000,0x00000000e0480000)
 ParOldGen       total 77824K, used 13978K [0x0000000080000000, 0x0000000084c00000, 0x00000000d5580000)
  object space 77824K, 17% used [0x0000000080000000,0x0000000080da6900,0x0000000084c00000)
 Metaspace       used 50687K, capacity 52606K, committed 52776K, reserved 1095680K
  class space    used 6784K, capacity 7206K, committed 7216K, reserved 1048576K
Event: 9.908 GC heap after
Heap after GC invocations=14 (full 2):
 PSYoungGen      total 162816K, used 11751K [0x00000000d5580000, 0x00000000e0b80000, 0x0000000100000000)
  eden space 151040K, 0% used [0x00000000d5580000,0x00000000d5580000,0x00000000de900000)
  from space 11776K, 99% used [0x00000000df900000,0x00000000e0479f60,0x00000000e0480000)
  to   space 16384K, 0% used [0x00000000de900000,0x00000000de900000,0x00000000df900000)
 ParOldGen       total 77824K, used 22259K [0x0000000080000000, 0x0000000084c00000, 0x00000000d5580000)
  object space 77824K, 28% used [0x0000000080000000,0x00000000815bcec8,0x0000000084c00000)
 Metaspace       used 50687K, capacity 52606K, committed 52776K, reserved 1095680K
  class space    used 6784K, capacity 7206K, committed 7216K, reserved 1048576K
}
Event: 11.541 GC heap before
{Heap before GC invocations=15 (full 2):
 PSYoungGen      total 162816K, used 89428K [0x00000000d5580000, 0x00000000e0b80000, 0x0000000100000000)
  eden space 151040K, 51% used [0x00000000d5580000,0x00000000da15b2b8,0x00000000de900000)
  from space 11776K, 99% used [0x00000000df900000,0x00000000e0479f60,0x00000000e0480000)
  to   space 16384K, 0% used [0x00000000de900000,0x00000000de900000,0x00000000df900000)
 ParOldGen       total 77824K, used 22259K [0x0000000080000000, 0x0000000084c00000, 0x00000000d5580000)
  object space 77824K, 28% used [0x0000000080000000,0x00000000815bcec8,0x0000000084c00000)
 Metaspace       used 56763K, capacity 59078K, committed 59160K, reserved 1099776K
  class space    used 7769K, capacity 8238K, committed 8240K, reserved 1048576K
Event: 11.571 GC heap after
Heap after GC invocations=15 (full 2):
 PSYoungGen      total 167424K, used 9210K [0x00000000d5580000, 0x00000000e3200000, 0x0000000100000000)
  eden space 151040K, 0% used [0x00000000d5580000,0x00000000d5580000,0x00000000de900000)
  from space 16384K, 56% used [0x00000000de900000,0x00000000df1fe970,0x00000000df900000)
  to   space 15872K, 0% used [0x00000000e2280000,0x00000000e2280000,0x00000000e3200000)
 ParOldGen       total 77824K, used 29923K [0x0000000080000000, 0x0000000084c00000, 0x00000000d5580000)
  object space 77824K, 38% used [0x0000000080000000,0x0000000081d38c68,0x0000000084c00000)
 Metaspace       used 56763K, capacity 59078K, committed 59160K, reserved 1099776K
  class space    used 7769K, capacity 8238K, committed 8240K, reserved 1048576K
}
Event: 11.572 GC heap before
{Heap before GC invocations=16 (full 3):
 PSYoungGen      total 167424K, used 9210K [0x00000000d5580000, 0x00000000e3200000, 0x0000000100000000)
  eden space 151040K, 0% used [0x00000000d5580000,0x00000000d5580000,0x00000000de900000)
  from space 16384K, 56% used [0x00000000de900000,0x00000000df1fe970,0x00000000df900000)
  to   space 15872K, 0% used [0x00000000e2280000,0x00000000e2280000,0x00000000e3200000)
 ParOldGen       total 77824K, used 29923K [0x0000000080000000, 0x0000000084c00000, 0x00000000d5580000)
  object space 77824K, 38% used [0x0000000080000000,0x0000000081d38c68,0x0000000084c00000)
 Metaspace       used 56763K, capacity 59078K, committed 59160K, reserved 1099776K
  class space    used 7769K, capacity 8238K, committed 8240K, reserved 1048576K
Event: 11.906 GC heap after
Heap after GC invocations=16 (full 3):
 PSYoungGen      total 167424K, used 0K [0x00000000d5580000, 0x00000000e3200000, 0x0000000100000000)
  eden space 151040K, 0% used [0x00000000d5580000,0x00000000d5580000,0x00000000de900000)
  from space 16384K, 0% used [0x00000000de900000,0x00000000de900000,0x00000000df900000)
  to   space 15872K, 0% used [0x00000000e2280000,0x00000000e2280000,0x00000000e3200000)
 ParOldGen       total 124928K, used 33210K [0x0000000080000000, 0x0000000087a00000, 0x00000000d5580000)
  object space 124928K, 26% used [0x0000000080000000,0x000000008206e888,0x0000000087a00000)
 Metaspace       used 56740K, capacity 59000K, committed 59160K, reserved 1099776K
  class space    used 7762K, capacity 8225K, committed 8240K, reserved 1048576K
}
Event: 14.784 GC heap before
{Heap before GC invocations=17 (full 3):
 PSYoungGen      total 167424K, used 150260K [0x00000000d5580000, 0x00000000e3200000, 0x0000000100000000)
  eden space 151040K, 99% used [0x00000000d5580000,0x00000000de83d340,0x00000000de900000)
  from space 16384K, 0% used [0x00000000de900000,0x00000000de900000,0x00000000df900000)
  to   space 15872K, 0% used [0x00000000e2280000,0x00000000e2280000,0x00000000e3200000)
 ParOldGen       total 124928K, used 33210K [0x0000000080000000, 0x0000000087a00000, 0x00000000d5580000)
  object space 124928K, 26% used [0x0000000080000000,0x000000008206e888,0x0000000087a00000)
 Metaspace       used 63392K, capacity 66500K, committed 66712K, reserved 1105920K
  class space    used 8790K, capacity 9361K, committed 9392K, reserved 1048576K
Event: 14.806 GC heap after
Heap after GC invocations=17 (full 3):
 PSYoungGen      total 194560K, used 13849K [0x00000000d5580000, 0x00000000e3080000, 0x0000000100000000)
  eden space 180224K, 0% used [0x00000000d5580000,0x00000000d5580000,0x00000000e0580000)
  from space 14336K, 96% used [0x00000000e2280000,0x00000000e30065e8,0x00000000e3080000)
  to   space 17408K, 0% used [0x00000000e0e80000,0x00000000e0e80000,0x00000000e1f80000)
 ParOldGen       total 124928K, used 33218K [0x0000000080000000, 0x0000000087a00000, 0x00000000d5580000)
  object space 124928K, 26% used [0x0000000080000000,0x0000000082070888,0x0000000087a00000)
 Metaspace       used 63392K, capacity 66500K, committed 66712K, reserved 1105920K
  class space    used 8790K, capacity 9361K, committed 9392K, reserved 1048576K
}
Event: 17.241 GC heap before
{Heap before GC invocations=18 (full 3):
 PSYoungGen      total 194560K, used 194073K [0x00000000d5580000, 0x00000000e3080000, 0x0000000100000000)
  eden space 180224K, 100% used [0x00000000d5580000,0x00000000e0580000,0x00000000e0580000)
  from space 14336K, 96% used [0x00000000e2280000,0x00000000e30065e8,0x00000000e3080000)
  to   space 17408K, 0% used [0x00000000e0e80000,0x00000000e0e80000,0x00000000e1f80000)
 ParOldGen       total 124928K, used 33218K [0x0000000080000000, 0x0000000087a00000, 0x00000000d5580000)
  object space 124928K, 26% used [0x0000000080000000,0x0000000082070888,0x0000000087a00000)
 Metaspace       used 66649K, capacity 69886K, committed 69912K, reserved 1110016K
  class space    used 9167K, capacity 9758K, committed 9776K, reserved 1048576K
Event: 17.262 GC heap after
Heap after GC invocations=18 (full 3):
 PSYoungGen      total 206848K, used 17405K [0x00000000d5580000, 0x00000000e4c00000, 0x0000000100000000)
  eden space 189440K, 0% used [0x00000000d5580000,0x00000000d5580000,0x00000000e0e80000)
  from space 17408K, 99% used [0x00000000e0e80000,0x00000000e1f7f6a8,0x00000000e1f80000)
  to   space 19968K, 0% used [0x00000000e3880000,0x00000000e3880000,0x00000000e4c00000)
 ParOldGen       total 124928K, used 33763K [0x0000000080000000, 0x0000000087a00000, 0x00000000d5580000)
  object space 124928K, 27% used [0x0000000080000000,0x00000000820f8cb8,0x0000000087a00000)
 Metaspace       used 66649K, capacity 69886K, committed 69912K, reserved 1110016K
  class space    used 9167K, capacity 9758K, committed 9776K, reserved 1048576K
}

