# JRE version: OpenJDK Runtime Environment (8.0_242-b01) (build 1.8.0_242-release-1644-b01)
# Java VM: OpenJDK 64-Bit Server VM (25.242-b01 mixed mode windows-amd64 compressed oops)
Heap:
 PSYoungGen      total 395264K, used 43187K [0x00000000d5580000, 0x00000000f3c00000, 0x0000000100000000)
  eden space 359424K, 2% used [0x00000000d5580000,0x00000000d5caf7e0,0x00000000eb480000)
  from space 35840K, 99% used [0x00000000eb480000,0x00000000ed77d6b0,0x00000000ed780000)
  to   space 58880K, 0% used [0x00000000f0280000,0x00000000f0280000,0x00000000f3c00000)
 ParOldGen       total 137728K, used 105268K [0x0000000080000000, 0x0000000088680000, 0x00000000d5580000)
  object space 137728K, 76% used [0x0000000080000000,0x00000000866cd2c8,0x0000000088680000)
 Metaspace       used 91564K, capacity 96932K, committed 97176K, reserved 1132544K
  class space    used 12221K, capacity 13216K, committed 13232K, reserved 1048576K
GC Heap History (10 events):
Event: 7.052 GC heap before
{Heap before GC invocations=12 (full 3):
 PSYoungGen      total 301056K, used 17890K [0x00000000d5580000, 0x00000000ed780000, 0x0000000100000000)
  eden space 283136K, 0% used [0x00000000d5580000,0x00000000d5580000,0x00000000e6a00000)
  from space 17920K, 99% used [0x00000000e6a00000,0x00000000e7b78b30,0x00000000e7b80000)
  to   space 23040K, 0% used [0x00000000ec100000,0x00000000ec100000,0x00000000ed780000)
 ParOldGen       total 87040K, used 24952K [0x0000000080000000, 0x0000000085500000, 0x00000000d5580000)
  object space 87040K, 28% used [0x0000000080000000,0x000000008185e248,0x0000000085500000)
 Metaspace       used 56760K, capacity 59118K, committed 59160K, reserved 1099776K
  class space    used 7774K, capacity 8220K, committed 8240K, reserved 1048576K
Event: 7.235 GC heap after
Heap after GC invocations=12 (full 3):
 PSYoungGen      total 301056K, used 0K [0x00000000d5580000, 0x00000000ed780000, 0x0000000100000000)
  eden space 283136K, 0% used [0x00000000d5580000,0x00000000d5580000,0x00000000e6a00000)
  from space 17920K, 0% used [0x00000000e6a00000,0x00000000e6a00000,0x00000000e7b80000)
  to   space 23040K, 0% used [0x00000000ec100000,0x00000000ec100000,0x00000000ed780000)
 ParOldGen       total 137728K, used 35741K [0x0000000080000000, 0x0000000088680000, 0x00000000d5580000)
  object space 137728K, 25% used [0x0000000080000000,0x00000000822e7728,0x0000000088680000)
 Metaspace       used 56712K, capacity 58956K, committed 59160K, reserved 1099776K
  class space    used 7759K, capacity 8193K, committed 8240K, reserved 1048576K
}
Event: 9.980 GC heap before
{Heap before GC invocations=13 (full 3):
 PSYoungGen      total 301056K, used 283136K [0x00000000d5580000, 0x00000000ed780000, 0x0000000100000000)
  eden space 283136K, 100% used [0x00000000d5580000,0x00000000e6a00000,0x00000000e6a00000)
  from space 17920K, 0% used [0x00000000e6a00000,0x00000000e6a00000,0x00000000e7b80000)
  to   space 23040K, 0% used [0x00000000ec100000,0x00000000ec100000,0x00000000ed780000)
 ParOldGen       total 137728K, used 35741K [0x0000000080000000, 0x0000000088680000, 0x00000000d5580000)
  object space 137728K, 25% used [0x0000000080000000,0x00000000822e7728,0x0000000088680000)
 Metaspace       used 65638K, capacity 69054K, committed 69144K, reserved 1107968K
  class space    used 9068K, capacity 9704K, committed 9776K, reserved 1048576K
Event: 9.997 GC heap after
Heap after GC invocations=13 (full 3):
 PSYoungGen      total 348160K, used 19319K [0x00000000d5580000, 0x00000000ed400000, 0x0000000100000000)
  eden space 328704K, 0% used [0x00000000d5580000,0x00000000d5580000,0x00000000e9680000)
  from space 19456K, 99% used [0x00000000ec100000,0x00000000ed3ddd28,0x00000000ed400000)
  to   space 25088K, 0% used [0x00000000ea300000,0x00000000ea300000,0x00000000ebb80000)
 ParOldGen       total 137728K, used 35749K [0x0000000080000000, 0x0000000088680000, 0x00000000d5580000)
  object space 137728K, 25% used [0x0000000080000000,0x00000000822e9728,0x0000000088680000)
 Metaspace       used 65638K, capacity 69054K, committed 69144K, reserved 1107968K
  class space    used 9068K, capacity 9704K, committed 9776K, reserved 1048576K
}
Event: 147.228 GC heap before
{Heap before GC invocations=14 (full 3):
 PSYoungGen      total 348160K, used 348023K [0x00000000d5580000, 0x00000000ed400000, 0x0000000100000000)
  eden space 328704K, 100% used [0x00000000d5580000,0x00000000e9680000,0x00000000e9680000)
  from space 19456K, 99% used [0x00000000ec100000,0x00000000ed3ddd28,0x00000000ed400000)
  to   space 25088K, 0% used [0x00000000ea300000,0x00000000ea300000,0x00000000ebb80000)
 ParOldGen       total 137728K, used 35749K [0x0000000080000000, 0x0000000088680000, 0x00000000d5580000)
  object space 137728K, 25% used [0x0000000080000000,0x00000000822e9728,0x0000000088680000)
 Metaspace       used 74676K, capacity 78474K, committed 78744K, reserved 1118208K
  class space    used 9952K, capacity 10644K, committed 10672K, reserved 1048576K
Event: 147.264 GC heap after
Heap after GC invocations=14 (full 3):
 PSYoungGen      total 366592K, used 25085K [0x00000000d5580000, 0x00000000f0100000, 0x0000000100000000)
  eden space 341504K, 0% used [0x00000000d5580000,0x00000000d5580000,0x00000000ea300000)
  from space 25088K, 99% used [0x00000000ea300000,0x00000000ebb7f520,0x00000000ebb80000)
  to   space 33280K, 0% used [0x00000000ee080000,0x00000000ee080000,0x00000000f0100000)
 ParOldGen       total 137728K, used 47791K [0x0000000080000000, 0x0000000088680000, 0x00000000d5580000)
  object space 137728K, 34% used [0x0000000080000000,0x0000000082eabfb8,0x0000000088680000)
 Metaspace       used 74676K, capacity 78474K, committed 78744K, reserved 1118208K
  class space    used 9952K, capacity 10644K, committed 10672K, reserved 1048576K
}
Event: 349.043 GC heap before
{Heap before GC invocations=15 (full 3):
 PSYoungGen      total 366592K, used 366547K [0x00000000d5580000, 0x00000000f0100000, 0x0000000100000000)
  eden space 341504K, 99% used [0x00000000d5580000,0x00000000ea2f58b0,0x00000000ea300000)
  from space 25088K, 99% used [0x00000000ea300000,0x00000000ebb7f520,0x00000000ebb80000)
  to   space 33280K, 0% used [0x00000000ee080000,0x00000000ee080000,0x00000000f0100000)
 ParOldGen       total 137728K, used 47791K [0x0000000080000000, 0x0000000088680000, 0x00000000d5580000)
  object space 137728K, 34% used [0x0000000080000000,0x0000000082eabfb8,0x0000000088680000)
 Metaspace       used 80115K, capacity 84110K, committed 84376K, reserved 1122304K
  class space    used 10567K, capacity 11329K, committed 11440K, reserved 1048576K
Event: 349.068 GC heap after
Heap after GC invocations=15 (full 3):
 PSYoungGen      total 354816K, used 26227K [0x00000000d5580000, 0x00000000efa80000, 0x0000000100000000)
  eden space 328192K, 0% used [0x00000000d5580000,0x00000000d5580000,0x00000000e9600000)
  from space 26624K, 98% used [0x00000000ee080000,0x00000000efa1cd90,0x00000000efa80000)
  to   space 35840K, 0% used [0x00000000eb480000,0x00000000eb480000,0x00000000ed780000)
 ParOldGen       total 137728K, used 58094K [0x0000000080000000, 0x0000000088680000, 0x00000000d5580000)
  object space 137728K, 42% used [0x0000000080000000,0x00000000838bb968,0x0000000088680000)
 Metaspace       used 80115K, capacity 84110K, committed 84376K, reserved 1122304K
  class space    used 10567K, capacity 11329K, committed 11440K, reserved 1048576K
}
Event: 351.482 GC heap before
{Heap before GC invocations=16 (full 3):
 PSYoungGen      total 354816K, used 354419K [0x00000000d5580000, 0x00000000efa80000, 0x0000000100000000)
  eden space 328192K, 100% used [0x00000000d5580000,0x00000000e9600000,0x00000000e9600000)
  from space 26624K, 98% used [0x00000000ee080000,0x00000000efa1cd90,0x00000000efa80000)
  to   space 35840K, 0% used [0x00000000eb480000,0x00000000eb480000,0x00000000ed780000)
 ParOldGen       total 137728K, used 58094K [0x0000000080000000, 0x0000000088680000, 0x00000000d5580000)
  object space 137728K, 42% used [0x0000000080000000,0x00000000838bb968,0x0000000088680000)
 Metaspace       used 91560K, capacity 96864K, committed 96920K, reserved 1132544K
  class space    used 12221K, capacity 13216K, committed 13232K, reserved 1048576K
Event: 351.552 GC heap after
Heap after GC invocations=16 (full 3):
 PSYoungGen      total 395264K, used 35829K [0x00000000d5580000, 0x00000000f3c00000, 0x0000000100000000)
  eden space 359424K, 0% used [0x00000000d5580000,0x00000000d5580000,0x00000000eb480000)
  from space 35840K, 99% used [0x00000000eb480000,0x00000000ed77d6b0,0x00000000ed780000)
  to   space 58880K, 0% used [0x00000000f0280000,0x00000000f0280000,0x00000000f3c00000)
 ParOldGen       total 137728K, used 105268K [0x0000000080000000, 0x0000000088680000, 0x00000000d5580000)
  object space 137728K, 76% used [0x0000000080000000,0x00000000866cd2c8,0x0000000088680000)
 Metaspace       used 91560K, capacity 96864K, committed 96920K, reserved 1132544K
  class space    used 12221K, capacity 13216K, committed 13232K, reserved 1048576K
}

